/home/sukritchopra/ros2_ws/install/jetrover_description/lib/python3.12/site-packages/jetrover_description/__init__.py
/home/sukritchopra/ros2_ws/install/jetrover_description/lib/python3.12/site-packages/jetrover_description/__pycache__/__init__.cpython-312.pyc
/home/sukritchopra/ros2_ws/install/jetrover_description/share/ament_index/resource_index/packages/jetrover_description
/home/sukritchopra/ros2_ws/install/jetrover_description/share/jetrover_description/package.xml
/home/sukritchopra/ros2_ws/install/jetrover_description/share/jetrover_description/launch/display.launch.py
/home/sukritchopra/ros2_ws/install/jetrover_description/share/jetrover_description/launch/robot_description.launch.py
/home/sukritchopra/ros2_ws/install/jetrover_description/share/jetrover_description/launch/rviz.launch.py
/home/sukritchopra/ros2_ws/install/jetrover_description/share/jetrover_description/launch/gazebo.launch.py
/home/sukritchopra/ros2_ws/install/jetrover_description/share/jetrover_description/urdf/car_mecanum.urdf.xacro
/home/sukritchopra/ros2_ws/install/jetrover_description/share/jetrover_description/urdf/jetrover.xacro
/home/sukritchopra/ros2_ws/install/jetrover_description/share/jetrover_description/urdf/imu.urdf.xacro
/home/sukritchopra/ros2_ws/install/jetrover_description/share/jetrover_description/urdf/inertial_matrix.xacro
/home/sukritchopra/ros2_ws/install/jetrover_description/share/jetrover_description/urdf/lidar.urdf.xacro
/home/sukritchopra/ros2_ws/install/jetrover_description/share/jetrover_description/urdf/gripper.urdf.xacro
/home/sukritchopra/ros2_ws/install/jetrover_description/share/jetrover_description/urdf/common.urdf.xacro
/home/sukritchopra/ros2_ws/install/jetrover_description/share/jetrover_description/urdf/lidar_g4.urdf.xacro
/home/sukritchopra/ros2_ws/install/jetrover_description/share/jetrover_description/urdf/lidar_a1.urdf.xacro
/home/sukritchopra/ros2_ws/install/jetrover_description/share/jetrover_description/urdf/connect.urdf.xacro
/home/sukritchopra/ros2_ws/install/jetrover_description/share/jetrover_description/urdf/car_tank.urdf.xacro
/home/sukritchopra/ros2_ws/install/jetrover_description/share/jetrover_description/urdf/car_acker.urdf.xacro
/home/sukritchopra/ros2_ws/install/jetrover_description/share/jetrover_description/urdf/depth_camera.urdf.xacro
/home/sukritchopra/ros2_ws/install/jetrover_description/share/jetrover_description/urdf/materials.xacro
/home/sukritchopra/ros2_ws/install/jetrover_description/share/jetrover_description/urdf/arm.urdf.xacro
/home/sukritchopra/ros2_ws/install/jetrover_description/share/jetrover_description/rviz/view.rviz
/home/sukritchopra/ros2_ws/install/jetrover_description/share/jetrover_description/meshes/acker/base_green_link.stl
/home/sukritchopra/ros2_ws/install/jetrover_description/share/jetrover_description/meshes/acker/wheel_right_back_link.stl
/home/sukritchopra/ros2_ws/install/jetrover_description/share/jetrover_description/meshes/acker/wheel_left_back_link.stl
/home/sukritchopra/ros2_ws/install/jetrover_description/share/jetrover_description/meshes/acker/wheel_right_front_link.stl
/home/sukritchopra/ros2_ws/install/jetrover_description/share/jetrover_description/meshes/acker/wheel_left_front_link.stl
/home/sukritchopra/ros2_ws/install/jetrover_description/share/jetrover_description/meshes/acker/base_link.stl
/home/sukritchopra/ros2_ws/install/jetrover_description/share/jetrover_description/meshes/arm/link3_collision.stl
/home/sukritchopra/ros2_ws/install/jetrover_description/share/jetrover_description/meshes/arm/depth_cam_link.STL
/home/sukritchopra/ros2_ws/install/jetrover_description/share/jetrover_description/meshes/arm/link4.STL
/home/sukritchopra/ros2_ws/install/jetrover_description/share/jetrover_description/meshes/arm/servo_link1_collision.stl
/home/sukritchopra/ros2_ws/install/jetrover_description/share/jetrover_description/meshes/arm/link1.STL
/home/sukritchopra/ros2_ws/install/jetrover_description/share/jetrover_description/meshes/arm/link3.STL
/home/sukritchopra/ros2_ws/install/jetrover_description/share/jetrover_description/meshes/arm/depth_cam_link_collision.stl
/home/sukritchopra/ros2_ws/install/jetrover_description/share/jetrover_description/meshes/arm/gripper_link.STL
/home/sukritchopra/ros2_ws/install/jetrover_description/share/jetrover_description/meshes/arm/gripper_link_collision.stl
/home/sukritchopra/ros2_ws/install/jetrover_description/share/jetrover_description/meshes/arm/link2.STL
/home/sukritchopra/ros2_ws/install/jetrover_description/share/jetrover_description/meshes/arm/link2_collision.stl
/home/sukritchopra/ros2_ws/install/jetrover_description/share/jetrover_description/meshes/arm/link4_collision.stl
/home/sukritchopra/ros2_ws/install/jetrover_description/share/jetrover_description/meshes/arm/servo_link2.STL
/home/sukritchopra/ros2_ws/install/jetrover_description/share/jetrover_description/meshes/arm/servo_link2_collision.stl
/home/sukritchopra/ros2_ws/install/jetrover_description/share/jetrover_description/meshes/arm/link5.STL
/home/sukritchopra/ros2_ws/install/jetrover_description/share/jetrover_description/meshes/arm/servo_link1.STL
/home/sukritchopra/ros2_ws/install/jetrover_description/share/jetrover_description/meshes/arm/camera_connect_link.STL
/home/sukritchopra/ros2_ws/install/jetrover_description/share/jetrover_description/meshes/common/back_shell_green_link.stl
/home/sukritchopra/ros2_ws/install/jetrover_description/share/jetrover_description/meshes/common/back_shell_black_link_collision.stl
/home/sukritchopra/ros2_ws/install/jetrover_description/share/jetrover_description/meshes/common/lidar_link.stl
/home/sukritchopra/ros2_ws/install/jetrover_description/share/jetrover_description/meshes/common/back_shell_black_link.stl
/home/sukritchopra/ros2_ws/install/jetrover_description/share/jetrover_description/meshes/common/imu_link.stl
/home/sukritchopra/ros2_ws/install/jetrover_description/share/jetrover_description/meshes/common/back_shell_green_link_collision.stl
/home/sukritchopra/ros2_ws/install/jetrover_description/share/jetrover_description/meshes/gripper/r_in_link.STL
/home/sukritchopra/ros2_ws/install/jetrover_description/share/jetrover_description/meshes/gripper/l_out_link.STL
/home/sukritchopra/ros2_ws/install/jetrover_description/share/jetrover_description/meshes/gripper/r_link.STL
/home/sukritchopra/ros2_ws/install/jetrover_description/share/jetrover_description/meshes/gripper/l_in_link.STL
/home/sukritchopra/ros2_ws/install/jetrover_description/share/jetrover_description/meshes/gripper/l_link.STL
/home/sukritchopra/ros2_ws/install/jetrover_description/share/jetrover_description/meshes/gripper/r_out_link.STL
/home/sukritchopra/ros2_ws/install/jetrover_description/share/jetrover_description/meshes/mecanum/base_link_collision.stl
/home/sukritchopra/ros2_ws/install/jetrover_description/share/jetrover_description/meshes/mecanum/wheel_right_front_link_collision.stl
/home/sukritchopra/ros2_ws/install/jetrover_description/share/jetrover_description/meshes/mecanum/wheel_right_back_link.stl
/home/sukritchopra/ros2_ws/install/jetrover_description/share/jetrover_description/meshes/mecanum/wheel_left_back_link.stl
/home/sukritchopra/ros2_ws/install/jetrover_description/share/jetrover_description/meshes/mecanum/wheel_left_back_link_collision.stl
/home/sukritchopra/ros2_ws/install/jetrover_description/share/jetrover_description/meshes/mecanum/wheel_right_front_link.stl
/home/sukritchopra/ros2_ws/install/jetrover_description/share/jetrover_description/meshes/mecanum/wheel_left_front_link.stl
/home/sukritchopra/ros2_ws/install/jetrover_description/share/jetrover_description/meshes/mecanum/base_link.stl
/home/sukritchopra/ros2_ws/install/jetrover_description/share/jetrover_description/meshes/mecanum/wheel_right_back_link_collision.stl
/home/sukritchopra/ros2_ws/install/jetrover_description/share/jetrover_description/meshes/mecanum/wheel_left_front_link_collision.stl
/home/sukritchopra/ros2_ws/install/jetrover_description/share/jetrover_description/meshes/tank/base_link.stl
/home/sukritchopra/ros2_ws/install/jetrover_description/share/jetrover_description/meshes/tank/wheel_link.stl
/home/sukritchopra/ros2_ws/install/jetrover_description/lib/python3.12/site-packages/jetrover_description-0.0.0-py3.12.egg-info/zip-safe
/home/sukritchopra/ros2_ws/install/jetrover_description/lib/python3.12/site-packages/jetrover_description-0.0.0-py3.12.egg-info/top_level.txt
/home/sukritchopra/ros2_ws/install/jetrover_description/lib/python3.12/site-packages/jetrover_description-0.0.0-py3.12.egg-info/requires.txt
/home/sukritchopra/ros2_ws/install/jetrover_description/lib/python3.12/site-packages/jetrover_description-0.0.0-py3.12.egg-info/PKG-INFO
/home/sukritchopra/ros2_ws/install/jetrover_description/lib/python3.12/site-packages/jetrover_description-0.0.0-py3.12.egg-info/dependency_links.txt
/home/sukritchopra/ros2_ws/install/jetrover_description/lib/python3.12/site-packages/jetrover_description-0.0.0-py3.12.egg-info/SOURCES.txt
