[0.307s] DEBUG:colcon:Command line arguments: ['/usr/bin/colcon', 'build', '--packages-select', 'jetrover_description', '--symlink-install']
[0.307s] DEBUG:colcon:Parsed command line arguments: Namespace(log_base=None, log_level=None, verb_name='build', build_base='build', install_base='install', merge_install=False, symlink_install=True, test_result_base=None, continue_on_error=False, executor='parallel', parallel_workers=12, event_handlers=None, ignore_user_meta=False, metas=['./colcon.meta'], base_paths=['.'], packages_ignore=None, packages_ignore_regex=None, paths=None, packages_up_to=None, packages_up_to_regex=None, packages_above=None, packages_above_and_dependencies=None, packages_above_depth=None, packages_select_by_dep=None, packages_skip_by_dep=None, packages_skip_up_to=None, packages_select_build_failed=False, packages_skip_build_finished=False, packages_select_test_failures=False, packages_skip_test_passed=False, packages_select=['jetrover_description'], packages_skip=None, packages_select_regex=None, packages_skip_regex=None, packages_start=None, packages_end=None, allow_overriding=[], cmake_args=None, cmake_target=None, cmake_target_skip_unavailable=False, cmake_clean_cache=False, cmake_clean_first=False, cmake_force_configure=False, ament_cmake_args=None, catkin_cmake_args=None, catkin_skip_building_tests=False, mixin_files=None, mixin=None, verb_parser=<colcon_mixin.mixin.mixin_argument.MixinArgumentDecorator object at 0x79e77e242120>, verb_extension=<colcon_core.verb.build.BuildVerb object at 0x79e77e241e50>, main=<bound method BuildVerb.main of <colcon_core.verb.build.BuildVerb object at 0x79e77e241e50>>, mixin_verb=('build',))
[0.385s] Level 1:colcon.colcon_core.package_discovery:discover_packages(colcon_meta) check parameters
[0.386s] Level 1:colcon.colcon_core.package_discovery:discover_packages(recursive) check parameters
[0.386s] Level 1:colcon.colcon_core.package_discovery:discover_packages(ignore) check parameters
[0.386s] Level 1:colcon.colcon_core.package_discovery:discover_packages(path) check parameters
[0.386s] Level 1:colcon.colcon_core.package_discovery:discover_packages(colcon_meta) discover
[0.386s] Level 1:colcon.colcon_core.package_discovery:discover_packages(recursive) discover
[0.387s] INFO:colcon.colcon_core.package_discovery:Crawling recursively for packages in '/home/sukritchopra/ros2_ws'
[0.387s] Level 1:colcon.colcon_core.package_identification:_identify(.) by extensions ['ignore', 'ignore_ament_install']
[0.387s] Level 1:colcon.colcon_core.package_identification:_identify(.) by extension 'ignore'
[0.387s] Level 1:colcon.colcon_core.package_identification:_identify(.) by extension 'ignore_ament_install'
[0.387s] Level 1:colcon.colcon_core.package_identification:_identify(.) by extensions ['colcon_pkg']
[0.388s] Level 1:colcon.colcon_core.package_identification:_identify(.) by extension 'colcon_pkg'
[0.388s] Level 1:colcon.colcon_core.package_identification:_identify(.) by extensions ['colcon_meta']
[0.388s] Level 1:colcon.colcon_core.package_identification:_identify(.) by extension 'colcon_meta'
[0.388s] Level 1:colcon.colcon_core.package_identification:_identify(.) by extensions ['ros']
[0.388s] Level 1:colcon.colcon_core.package_identification:_identify(.) by extension 'ros'
[0.434s] Level 1:colcon.colcon_core.package_identification:_identify(.) by extensions ['cmake', 'python']
[0.434s] Level 1:colcon.colcon_core.package_identification:_identify(.) by extension 'cmake'
[0.434s] Level 1:colcon.colcon_core.package_identification:_identify(.) by extension 'python'
[0.434s] Level 1:colcon.colcon_core.package_identification:_identify(.) by extensions ['python_setup_py']
[0.434s] Level 1:colcon.colcon_core.package_identification:_identify(.) by extension 'python_setup_py'
[0.434s] Level 1:colcon.colcon_core.package_identification:_identify(build) by extensions ['ignore', 'ignore_ament_install']
[0.435s] Level 1:colcon.colcon_core.package_identification:_identify(build) by extension 'ignore'
[0.435s] Level 1:colcon.colcon_core.package_identification:_identify(build) ignored
[0.435s] Level 1:colcon.colcon_core.package_identification:_identify(install) by extensions ['ignore', 'ignore_ament_install']
[0.435s] Level 1:colcon.colcon_core.package_identification:_identify(install) by extension 'ignore'
[0.436s] Level 1:colcon.colcon_core.package_identification:_identify(install) ignored
[0.436s] Level 1:colcon.colcon_core.package_identification:_identify(log) by extensions ['ignore', 'ignore_ament_install']
[0.436s] Level 1:colcon.colcon_core.package_identification:_identify(log) by extension 'ignore'
[0.436s] Level 1:colcon.colcon_core.package_identification:_identify(log) ignored
[0.436s] Level 1:colcon.colcon_core.package_identification:_identify(src) by extensions ['ignore', 'ignore_ament_install']
[0.436s] Level 1:colcon.colcon_core.package_identification:_identify(src) by extension 'ignore'
[0.437s] Level 1:colcon.colcon_core.package_identification:_identify(src) by extension 'ignore_ament_install'
[0.437s] Level 1:colcon.colcon_core.package_identification:_identify(src) by extensions ['colcon_pkg']
[0.437s] Level 1:colcon.colcon_core.package_identification:_identify(src) by extension 'colcon_pkg'
[0.437s] Level 1:colcon.colcon_core.package_identification:_identify(src) by extensions ['colcon_meta']
[0.437s] Level 1:colcon.colcon_core.package_identification:_identify(src) by extension 'colcon_meta'
[0.437s] Level 1:colcon.colcon_core.package_identification:_identify(src) by extensions ['ros']
[0.437s] Level 1:colcon.colcon_core.package_identification:_identify(src) by extension 'ros'
[0.437s] Level 1:colcon.colcon_core.package_identification:_identify(src) by extensions ['cmake', 'python']
[0.437s] Level 1:colcon.colcon_core.package_identification:_identify(src) by extension 'cmake'
[0.438s] Level 1:colcon.colcon_core.package_identification:_identify(src) by extension 'python'
[0.438s] Level 1:colcon.colcon_core.package_identification:_identify(src) by extensions ['python_setup_py']
[0.438s] Level 1:colcon.colcon_core.package_identification:_identify(src) by extension 'python_setup_py'
[0.438s] Level 1:colcon.colcon_core.package_identification:_identify(src/jetrover_description) by extensions ['ignore', 'ignore_ament_install']
[0.438s] Level 1:colcon.colcon_core.package_identification:_identify(src/jetrover_description) by extension 'ignore'
[0.438s] Level 1:colcon.colcon_core.package_identification:_identify(src/jetrover_description) by extension 'ignore_ament_install'
[0.438s] Level 1:colcon.colcon_core.package_identification:_identify(src/jetrover_description) by extensions ['colcon_pkg']
[0.438s] Level 1:colcon.colcon_core.package_identification:_identify(src/jetrover_description) by extension 'colcon_pkg'
[0.438s] Level 1:colcon.colcon_core.package_identification:_identify(src/jetrover_description) by extensions ['colcon_meta']
[0.438s] Level 1:colcon.colcon_core.package_identification:_identify(src/jetrover_description) by extension 'colcon_meta'
[0.439s] Level 1:colcon.colcon_core.package_identification:_identify(src/jetrover_description) by extensions ['ros']
[0.439s] Level 1:colcon.colcon_core.package_identification:_identify(src/jetrover_description) by extension 'ros'
[0.443s] DEBUG:colcon.colcon_core.package_identification:Package 'src/jetrover_description' with type 'ros.ament_python' and name 'jetrover_description'
[0.443s] Level 1:colcon.colcon_core.package_discovery:discover_packages(recursive) using defaults
[0.443s] Level 1:colcon.colcon_core.package_discovery:discover_packages(ignore) discover
[0.443s] Level 1:colcon.colcon_core.package_discovery:discover_packages(ignore) using defaults
[0.443s] Level 1:colcon.colcon_core.package_discovery:discover_packages(path) discover
[0.443s] Level 1:colcon.colcon_core.package_discovery:discover_packages(path) using defaults
[0.474s] Level 1:colcon.colcon_core.package_discovery:discover_packages(prefix_path) check parameters
[0.474s] Level 1:colcon.colcon_core.package_discovery:discover_packages(prefix_path) discover
[0.478s] DEBUG:colcon.colcon_installed_package_information.package_discovery:Found 1 installed packages in /home/sukritchopra/ros2_ws/install
[0.481s] DEBUG:colcon.colcon_installed_package_information.package_discovery:Found 363 installed packages in /opt/ros/jazzy
[0.484s] Level 1:colcon.colcon_core.package_discovery:discover_packages(prefix_path) using defaults
[0.582s] Level 5:colcon.colcon_core.verb:set package 'jetrover_description' build argument 'cmake_args' from command line to 'None'
[0.582s] Level 5:colcon.colcon_core.verb:set package 'jetrover_description' build argument 'cmake_target' from command line to 'None'
[0.582s] Level 5:colcon.colcon_core.verb:set package 'jetrover_description' build argument 'cmake_target_skip_unavailable' from command line to 'False'
[0.582s] Level 5:colcon.colcon_core.verb:set package 'jetrover_description' build argument 'cmake_clean_cache' from command line to 'False'
[0.582s] Level 5:colcon.colcon_core.verb:set package 'jetrover_description' build argument 'cmake_clean_first' from command line to 'False'
[0.582s] Level 5:colcon.colcon_core.verb:set package 'jetrover_description' build argument 'cmake_force_configure' from command line to 'False'
[0.582s] Level 5:colcon.colcon_core.verb:set package 'jetrover_description' build argument 'ament_cmake_args' from command line to 'None'
[0.582s] Level 5:colcon.colcon_core.verb:set package 'jetrover_description' build argument 'catkin_cmake_args' from command line to 'None'
[0.582s] Level 5:colcon.colcon_core.verb:set package 'jetrover_description' build argument 'catkin_skip_building_tests' from command line to 'False'
[0.582s] DEBUG:colcon.colcon_core.verb:Building package 'jetrover_description' with the following arguments: {'ament_cmake_args': None, 'build_base': '/home/sukritchopra/ros2_ws/build/jetrover_description', 'catkin_cmake_args': None, 'catkin_skip_building_tests': False, 'cmake_args': None, 'cmake_clean_cache': False, 'cmake_clean_first': False, 'cmake_force_configure': False, 'cmake_target': None, 'cmake_target_skip_unavailable': False, 'install_base': '/home/sukritchopra/ros2_ws/install/jetrover_description', 'merge_install': False, 'path': '/home/sukritchopra/ros2_ws/src/jetrover_description', 'symlink_install': True, 'test_result_base': None}
[0.582s] INFO:colcon.colcon_core.executor:Executing jobs using 'parallel' executor
[0.584s] DEBUG:colcon.colcon_parallel_executor.executor.parallel:run_until_complete
[0.585s] INFO:colcon.colcon_ros.task.ament_python.build:Building ROS package in '/home/sukritchopra/ros2_ws/src/jetrover_description' with build type 'ament_python'
[0.585s] Level 1:colcon.colcon_core.shell:create_environment_hook('jetrover_description', 'ament_prefix_path')
[0.589s] INFO:colcon.colcon_core.plugin_system:Skipping extension 'colcon_core.shell.bat': Not used on non-Windows systems
[0.589s] INFO:colcon.colcon_core.shell:Creating environment hook '/home/sukritchopra/ros2_ws/install/jetrover_description/share/jetrover_description/hook/ament_prefix_path.ps1'
[0.591s] INFO:colcon.colcon_core.shell:Creating environment descriptor '/home/sukritchopra/ros2_ws/install/jetrover_description/share/jetrover_description/hook/ament_prefix_path.dsv'
[0.592s] INFO:colcon.colcon_core.shell:Creating environment hook '/home/sukritchopra/ros2_ws/install/jetrover_description/share/jetrover_description/hook/ament_prefix_path.sh'
[0.593s] INFO:colcon.colcon_core.shell:Skip shell extension 'powershell' for command environment: Not usable outside of PowerShell
[0.593s] DEBUG:colcon.colcon_core.shell:Skip shell extension 'dsv' for command environment
[1.031s] INFO:colcon.colcon_core.task.python.build:Building Python package in '/home/sukritchopra/ros2_ws/src/jetrover_description'
[1.031s] INFO:colcon.colcon_core.shell:Skip shell extension 'powershell' for command environment: Not usable outside of PowerShell
[1.031s] DEBUG:colcon.colcon_core.shell:Skip shell extension 'dsv' for command environment
[2.199s] DEBUG:colcon.colcon_core.task.python.build:While undoing a previous installation files outside the Python library path are being ignored: /home/sukritchopra/ros2_ws/install/jetrover_description/share/ament_index/resource_index/packages/jetrover_description
[2.199s] DEBUG:colcon.colcon_core.task.python.build:While undoing a previous installation files outside the Python library path are being ignored: /home/sukritchopra/ros2_ws/install/jetrover_description/share/jetrover_description/package.xml
[2.199s] DEBUG:colcon.colcon_core.task.python.build:While undoing a previous installation files outside the Python library path are being ignored: /home/sukritchopra/ros2_ws/install/jetrover_description/share/jetrover_description/launch/display.launch.py
[2.199s] DEBUG:colcon.colcon_core.task.python.build:While undoing a previous installation files outside the Python library path are being ignored: /home/sukritchopra/ros2_ws/install/jetrover_description/share/jetrover_description/launch/robot_description.launch.py
[2.199s] DEBUG:colcon.colcon_core.task.python.build:While undoing a previous installation files outside the Python library path are being ignored: /home/sukritchopra/ros2_ws/install/jetrover_description/share/jetrover_description/launch/rviz.launch.py
[2.199s] DEBUG:colcon.colcon_core.task.python.build:While undoing a previous installation files outside the Python library path are being ignored: /home/sukritchopra/ros2_ws/install/jetrover_description/share/jetrover_description/urdf/car_mecanum.urdf.xacro
[2.200s] DEBUG:colcon.colcon_core.task.python.build:While undoing a previous installation files outside the Python library path are being ignored: /home/sukritchopra/ros2_ws/install/jetrover_description/share/jetrover_description/urdf/jetrover.xacro
[2.200s] DEBUG:colcon.colcon_core.task.python.build:While undoing a previous installation files outside the Python library path are being ignored: /home/sukritchopra/ros2_ws/install/jetrover_description/share/jetrover_description/urdf/imu.urdf.xacro
[2.200s] DEBUG:colcon.colcon_core.task.python.build:While undoing a previous installation files outside the Python library path are being ignored: /home/sukritchopra/ros2_ws/install/jetrover_description/share/jetrover_description/urdf/inertial_matrix.xacro
[2.200s] DEBUG:colcon.colcon_core.task.python.build:While undoing a previous installation files outside the Python library path are being ignored: /home/sukritchopra/ros2_ws/install/jetrover_description/share/jetrover_description/urdf/lidar.urdf.xacro
[2.200s] DEBUG:colcon.colcon_core.task.python.build:While undoing a previous installation files outside the Python library path are being ignored: /home/sukritchopra/ros2_ws/install/jetrover_description/share/jetrover_description/urdf/gripper.urdf.xacro
[2.200s] DEBUG:colcon.colcon_core.task.python.build:While undoing a previous installation files outside the Python library path are being ignored: /home/sukritchopra/ros2_ws/install/jetrover_description/share/jetrover_description/urdf/common.urdf.xacro
[2.200s] DEBUG:colcon.colcon_core.task.python.build:While undoing a previous installation files outside the Python library path are being ignored: /home/sukritchopra/ros2_ws/install/jetrover_description/share/jetrover_description/urdf/lidar_g4.urdf.xacro
[2.200s] DEBUG:colcon.colcon_core.task.python.build:While undoing a previous installation files outside the Python library path are being ignored: /home/sukritchopra/ros2_ws/install/jetrover_description/share/jetrover_description/urdf/lidar_a1.urdf.xacro
[2.200s] DEBUG:colcon.colcon_core.task.python.build:While undoing a previous installation files outside the Python library path are being ignored: /home/sukritchopra/ros2_ws/install/jetrover_description/share/jetrover_description/urdf/connect.urdf.xacro
[2.200s] DEBUG:colcon.colcon_core.task.python.build:While undoing a previous installation files outside the Python library path are being ignored: /home/sukritchopra/ros2_ws/install/jetrover_description/share/jetrover_description/urdf/car_tank.urdf.xacro
[2.200s] DEBUG:colcon.colcon_core.task.python.build:While undoing a previous installation files outside the Python library path are being ignored: /home/sukritchopra/ros2_ws/install/jetrover_description/share/jetrover_description/urdf/car_acker.urdf.xacro
[2.200s] DEBUG:colcon.colcon_core.task.python.build:While undoing a previous installation files outside the Python library path are being ignored: /home/sukritchopra/ros2_ws/install/jetrover_description/share/jetrover_description/urdf/depth_camera.urdf.xacro
[2.200s] DEBUG:colcon.colcon_core.task.python.build:While undoing a previous installation files outside the Python library path are being ignored: /home/sukritchopra/ros2_ws/install/jetrover_description/share/jetrover_description/urdf/materials.xacro
[2.200s] DEBUG:colcon.colcon_core.task.python.build:While undoing a previous installation files outside the Python library path are being ignored: /home/sukritchopra/ros2_ws/install/jetrover_description/share/jetrover_description/urdf/arm.urdf.xacro
[2.200s] DEBUG:colcon.colcon_core.task.python.build:While undoing a previous installation files outside the Python library path are being ignored: /home/sukritchopra/ros2_ws/install/jetrover_description/share/jetrover_description/rviz/view.rviz
[2.200s] DEBUG:colcon.colcon_core.task.python.build:While undoing a previous installation files outside the Python library path are being ignored: /home/sukritchopra/ros2_ws/install/jetrover_description/share/jetrover_description/meshes/acker/base_green_link.stl
[2.201s] DEBUG:colcon.colcon_core.task.python.build:While undoing a previous installation files outside the Python library path are being ignored: /home/sukritchopra/ros2_ws/install/jetrover_description/share/jetrover_description/meshes/acker/wheel_right_back_link.stl
[2.201s] DEBUG:colcon.colcon_core.task.python.build:While undoing a previous installation files outside the Python library path are being ignored: /home/sukritchopra/ros2_ws/install/jetrover_description/share/jetrover_description/meshes/acker/wheel_left_back_link.stl
[2.201s] DEBUG:colcon.colcon_core.task.python.build:While undoing a previous installation files outside the Python library path are being ignored: /home/sukritchopra/ros2_ws/install/jetrover_description/share/jetrover_description/meshes/acker/wheel_right_front_link.stl
[2.201s] DEBUG:colcon.colcon_core.task.python.build:While undoing a previous installation files outside the Python library path are being ignored: /home/sukritchopra/ros2_ws/install/jetrover_description/share/jetrover_description/meshes/acker/wheel_left_front_link.stl
[2.201s] DEBUG:colcon.colcon_core.task.python.build:While undoing a previous installation files outside the Python library path are being ignored: /home/sukritchopra/ros2_ws/install/jetrover_description/share/jetrover_description/meshes/acker/base_link.stl
[2.201s] DEBUG:colcon.colcon_core.task.python.build:While undoing a previous installation files outside the Python library path are being ignored: /home/sukritchopra/ros2_ws/install/jetrover_description/share/jetrover_description/meshes/arm/link3_collision.stl
[2.201s] DEBUG:colcon.colcon_core.task.python.build:While undoing a previous installation files outside the Python library path are being ignored: /home/sukritchopra/ros2_ws/install/jetrover_description/share/jetrover_description/meshes/arm/depth_cam_link.STL
[2.201s] DEBUG:colcon.colcon_core.task.python.build:While undoing a previous installation files outside the Python library path are being ignored: /home/sukritchopra/ros2_ws/install/jetrover_description/share/jetrover_description/meshes/arm/link4.STL
[2.201s] DEBUG:colcon.colcon_core.task.python.build:While undoing a previous installation files outside the Python library path are being ignored: /home/sukritchopra/ros2_ws/install/jetrover_description/share/jetrover_description/meshes/arm/servo_link1_collision.stl
[2.201s] DEBUG:colcon.colcon_core.task.python.build:While undoing a previous installation files outside the Python library path are being ignored: /home/sukritchopra/ros2_ws/install/jetrover_description/share/jetrover_description/meshes/arm/link1.STL
[2.201s] DEBUG:colcon.colcon_core.task.python.build:While undoing a previous installation files outside the Python library path are being ignored: /home/sukritchopra/ros2_ws/install/jetrover_description/share/jetrover_description/meshes/arm/link3.STL
[2.201s] DEBUG:colcon.colcon_core.task.python.build:While undoing a previous installation files outside the Python library path are being ignored: /home/sukritchopra/ros2_ws/install/jetrover_description/share/jetrover_description/meshes/arm/depth_cam_link_collision.stl
[2.201s] DEBUG:colcon.colcon_core.task.python.build:While undoing a previous installation files outside the Python library path are being ignored: /home/sukritchopra/ros2_ws/install/jetrover_description/share/jetrover_description/meshes/arm/gripper_link.STL
[2.201s] DEBUG:colcon.colcon_core.task.python.build:While undoing a previous installation files outside the Python library path are being ignored: /home/sukritchopra/ros2_ws/install/jetrover_description/share/jetrover_description/meshes/arm/gripper_link_collision.stl
[2.201s] DEBUG:colcon.colcon_core.task.python.build:While undoing a previous installation files outside the Python library path are being ignored: /home/sukritchopra/ros2_ws/install/jetrover_description/share/jetrover_description/meshes/arm/link2.STL
[2.201s] DEBUG:colcon.colcon_core.task.python.build:While undoing a previous installation files outside the Python library path are being ignored: /home/sukritchopra/ros2_ws/install/jetrover_description/share/jetrover_description/meshes/arm/link2_collision.stl
[2.201s] DEBUG:colcon.colcon_core.task.python.build:While undoing a previous installation files outside the Python library path are being ignored: /home/sukritchopra/ros2_ws/install/jetrover_description/share/jetrover_description/meshes/arm/link4_collision.stl
[2.201s] DEBUG:colcon.colcon_core.task.python.build:While undoing a previous installation files outside the Python library path are being ignored: /home/sukritchopra/ros2_ws/install/jetrover_description/share/jetrover_description/meshes/arm/servo_link2.STL
[2.201s] DEBUG:colcon.colcon_core.task.python.build:While undoing a previous installation files outside the Python library path are being ignored: /home/sukritchopra/ros2_ws/install/jetrover_description/share/jetrover_description/meshes/arm/servo_link2_collision.stl
[2.201s] DEBUG:colcon.colcon_core.task.python.build:While undoing a previous installation files outside the Python library path are being ignored: /home/sukritchopra/ros2_ws/install/jetrover_description/share/jetrover_description/meshes/arm/link5.STL
[2.201s] DEBUG:colcon.colcon_core.task.python.build:While undoing a previous installation files outside the Python library path are being ignored: /home/sukritchopra/ros2_ws/install/jetrover_description/share/jetrover_description/meshes/arm/servo_link1.STL
[2.202s] DEBUG:colcon.colcon_core.task.python.build:While undoing a previous installation files outside the Python library path are being ignored: /home/sukritchopra/ros2_ws/install/jetrover_description/share/jetrover_description/meshes/arm/camera_connect_link.STL
[2.202s] DEBUG:colcon.colcon_core.task.python.build:While undoing a previous installation files outside the Python library path are being ignored: /home/sukritchopra/ros2_ws/install/jetrover_description/share/jetrover_description/meshes/common/back_shell_green_link.stl
[2.202s] DEBUG:colcon.colcon_core.task.python.build:While undoing a previous installation files outside the Python library path are being ignored: /home/sukritchopra/ros2_ws/install/jetrover_description/share/jetrover_description/meshes/common/back_shell_black_link_collision.stl
[2.202s] DEBUG:colcon.colcon_core.task.python.build:While undoing a previous installation files outside the Python library path are being ignored: /home/sukritchopra/ros2_ws/install/jetrover_description/share/jetrover_description/meshes/common/lidar_link.stl
[2.202s] DEBUG:colcon.colcon_core.task.python.build:While undoing a previous installation files outside the Python library path are being ignored: /home/sukritchopra/ros2_ws/install/jetrover_description/share/jetrover_description/meshes/common/back_shell_black_link.stl
[2.202s] DEBUG:colcon.colcon_core.task.python.build:While undoing a previous installation files outside the Python library path are being ignored: /home/sukritchopra/ros2_ws/install/jetrover_description/share/jetrover_description/meshes/common/imu_link.stl
[2.202s] DEBUG:colcon.colcon_core.task.python.build:While undoing a previous installation files outside the Python library path are being ignored: /home/sukritchopra/ros2_ws/install/jetrover_description/share/jetrover_description/meshes/common/back_shell_green_link_collision.stl
[2.202s] DEBUG:colcon.colcon_core.task.python.build:While undoing a previous installation files outside the Python library path are being ignored: /home/sukritchopra/ros2_ws/install/jetrover_description/share/jetrover_description/meshes/gripper/r_in_link.STL
[2.202s] DEBUG:colcon.colcon_core.task.python.build:While undoing a previous installation files outside the Python library path are being ignored: /home/sukritchopra/ros2_ws/install/jetrover_description/share/jetrover_description/meshes/gripper/l_out_link.STL
[2.202s] DEBUG:colcon.colcon_core.task.python.build:While undoing a previous installation files outside the Python library path are being ignored: /home/sukritchopra/ros2_ws/install/jetrover_description/share/jetrover_description/meshes/gripper/r_link.STL
[2.202s] DEBUG:colcon.colcon_core.task.python.build:While undoing a previous installation files outside the Python library path are being ignored: /home/sukritchopra/ros2_ws/install/jetrover_description/share/jetrover_description/meshes/gripper/l_in_link.STL
[2.202s] DEBUG:colcon.colcon_core.task.python.build:While undoing a previous installation files outside the Python library path are being ignored: /home/sukritchopra/ros2_ws/install/jetrover_description/share/jetrover_description/meshes/gripper/l_link.STL
[2.202s] DEBUG:colcon.colcon_core.task.python.build:While undoing a previous installation files outside the Python library path are being ignored: /home/sukritchopra/ros2_ws/install/jetrover_description/share/jetrover_description/meshes/gripper/r_out_link.STL
[2.202s] DEBUG:colcon.colcon_core.task.python.build:While undoing a previous installation files outside the Python library path are being ignored: /home/sukritchopra/ros2_ws/install/jetrover_description/share/jetrover_description/meshes/mecanum/base_link_collision.stl
[2.202s] DEBUG:colcon.colcon_core.task.python.build:While undoing a previous installation files outside the Python library path are being ignored: /home/sukritchopra/ros2_ws/install/jetrover_description/share/jetrover_description/meshes/mecanum/wheel_right_front_link_collision.stl
[2.202s] DEBUG:colcon.colcon_core.task.python.build:While undoing a previous installation files outside the Python library path are being ignored: /home/sukritchopra/ros2_ws/install/jetrover_description/share/jetrover_description/meshes/mecanum/wheel_right_back_link.stl
[2.202s] DEBUG:colcon.colcon_core.task.python.build:While undoing a previous installation files outside the Python library path are being ignored: /home/sukritchopra/ros2_ws/install/jetrover_description/share/jetrover_description/meshes/mecanum/wheel_left_back_link.stl
[2.202s] DEBUG:colcon.colcon_core.task.python.build:While undoing a previous installation files outside the Python library path are being ignored: /home/sukritchopra/ros2_ws/install/jetrover_description/share/jetrover_description/meshes/mecanum/wheel_left_back_link_collision.stl
[2.202s] DEBUG:colcon.colcon_core.task.python.build:While undoing a previous installation files outside the Python library path are being ignored: /home/sukritchopra/ros2_ws/install/jetrover_description/share/jetrover_description/meshes/mecanum/wheel_right_front_link.stl
[2.202s] DEBUG:colcon.colcon_core.task.python.build:While undoing a previous installation files outside the Python library path are being ignored: /home/sukritchopra/ros2_ws/install/jetrover_description/share/jetrover_description/meshes/mecanum/wheel_left_front_link.stl
[2.202s] DEBUG:colcon.colcon_core.task.python.build:While undoing a previous installation files outside the Python library path are being ignored: /home/sukritchopra/ros2_ws/install/jetrover_description/share/jetrover_description/meshes/mecanum/base_link.stl
[2.202s] DEBUG:colcon.colcon_core.task.python.build:While undoing a previous installation files outside the Python library path are being ignored: /home/sukritchopra/ros2_ws/install/jetrover_description/share/jetrover_description/meshes/mecanum/wheel_right_back_link_collision.stl
[2.203s] DEBUG:colcon.colcon_core.task.python.build:While undoing a previous installation files outside the Python library path are being ignored: /home/sukritchopra/ros2_ws/install/jetrover_description/share/jetrover_description/meshes/mecanum/wheel_left_front_link_collision.stl
[2.203s] DEBUG:colcon.colcon_core.task.python.build:While undoing a previous installation files outside the Python library path are being ignored: /home/sukritchopra/ros2_ws/install/jetrover_description/share/jetrover_description/meshes/tank/base_link.stl
[2.203s] DEBUG:colcon.colcon_core.task.python.build:While undoing a previous installation files outside the Python library path are being ignored: /home/sukritchopra/ros2_ws/install/jetrover_description/share/jetrover_description/meshes/tank/wheel_link.stl
[2.280s] DEBUG:colcon.colcon_core.event_handler.log_command:Invoking command in '/home/sukritchopra/ros2_ws/build/jetrover_description': PYTHONPATH=/home/sukritchopra/ros2_ws/build/jetrover_description/prefix_override:/usr/lib/python3/dist-packages/colcon_core/task/python/colcon_distutils_commands:/home/sukritchopra/ros2_ws/install/jetrover_description/lib/python3.12/site-packages:${PYTHONPATH} /usr/bin/python3 -W ignore:setup.py install is deprecated -W ignore:easy_install command is deprecated setup.py develop --editable --build-directory /home/sukritchopra/ros2_ws/build/jetrover_description/build --no-deps symlink_data --force
[3.639s] Level 1:colcon.colcon_core.shell:create_environment_hook('jetrover_description', 'pythonpath_develop')
[3.640s] INFO:colcon.colcon_core.shell:Creating environment hook '/home/sukritchopra/ros2_ws/build/jetrover_description/share/jetrover_description/hook/pythonpath_develop.ps1'
[3.641s] DEBUG:colcon.colcon_core.event_handler.log_command:Invoked command in '/home/sukritchopra/ros2_ws/build/jetrover_description' returned '0': PYTHONPATH=/home/sukritchopra/ros2_ws/build/jetrover_description/prefix_override:/usr/lib/python3/dist-packages/colcon_core/task/python/colcon_distutils_commands:/home/sukritchopra/ros2_ws/install/jetrover_description/lib/python3.12/site-packages:${PYTHONPATH} /usr/bin/python3 -W ignore:setup.py install is deprecated -W ignore:easy_install command is deprecated setup.py develop --editable --build-directory /home/sukritchopra/ros2_ws/build/jetrover_description/build --no-deps symlink_data --force
[3.644s] INFO:colcon.colcon_core.shell:Creating environment descriptor '/home/sukritchopra/ros2_ws/build/jetrover_description/share/jetrover_description/hook/pythonpath_develop.dsv'
[3.644s] INFO:colcon.colcon_core.shell:Creating environment hook '/home/sukritchopra/ros2_ws/build/jetrover_description/share/jetrover_description/hook/pythonpath_develop.sh'
[3.649s] Level 1:colcon.colcon_core.environment:checking '/home/sukritchopra/ros2_ws/install/jetrover_description' for CMake module files
[3.650s] Level 1:colcon.colcon_core.environment:checking '/home/sukritchopra/ros2_ws/install/jetrover_description' for CMake config files
[3.653s] Level 1:colcon.colcon_core.environment:checking '/home/sukritchopra/ros2_ws/install/jetrover_description/lib'
[3.653s] Level 1:colcon.colcon_core.environment:checking '/home/sukritchopra/ros2_ws/install/jetrover_description/bin'
[3.653s] Level 1:colcon.colcon_core.environment:checking '/home/sukritchopra/ros2_ws/install/jetrover_description/lib/pkgconfig/jetrover_description.pc'
[3.654s] Level 1:colcon.colcon_core.environment:checking '/home/sukritchopra/ros2_ws/install/jetrover_description/lib/python3.12/site-packages'
[3.654s] Level 1:colcon.colcon_core.shell:create_environment_hook('jetrover_description', 'pythonpath')
[3.654s] INFO:colcon.colcon_core.shell:Creating environment hook '/home/sukritchopra/ros2_ws/install/jetrover_description/share/jetrover_description/hook/pythonpath.ps1'
[3.655s] INFO:colcon.colcon_core.shell:Creating environment descriptor '/home/sukritchopra/ros2_ws/install/jetrover_description/share/jetrover_description/hook/pythonpath.dsv'
[3.656s] INFO:colcon.colcon_core.shell:Creating environment hook '/home/sukritchopra/ros2_ws/install/jetrover_description/share/jetrover_description/hook/pythonpath.sh'
[3.657s] Level 1:colcon.colcon_core.environment:checking '/home/sukritchopra/ros2_ws/install/jetrover_description/bin'
[3.657s] Level 1:colcon.colcon_core.environment:create_environment_scripts_only(jetrover_description)
[3.658s] INFO:colcon.colcon_core.shell:Creating package script '/home/sukritchopra/ros2_ws/install/jetrover_description/share/jetrover_description/package.ps1'
[3.659s] INFO:colcon.colcon_core.shell:Creating package descriptor '/home/sukritchopra/ros2_ws/install/jetrover_description/share/jetrover_description/package.dsv'
[3.660s] INFO:colcon.colcon_core.shell:Creating package script '/home/sukritchopra/ros2_ws/install/jetrover_description/share/jetrover_description/package.sh'
[3.661s] INFO:colcon.colcon_core.shell:Creating package script '/home/sukritchopra/ros2_ws/install/jetrover_description/share/jetrover_description/package.bash'
[3.662s] INFO:colcon.colcon_core.shell:Creating package script '/home/sukritchopra/ros2_ws/install/jetrover_description/share/jetrover_description/package.zsh'
[3.663s] Level 1:colcon.colcon_core.environment:create_file_with_runtime_dependencies(/home/sukritchopra/ros2_ws/install/jetrover_description/share/colcon-core/packages/jetrover_description)
[3.664s] DEBUG:colcon.colcon_parallel_executor.executor.parallel:closing loop
[3.665s] DEBUG:colcon.colcon_parallel_executor.executor.parallel:loop closed
[3.666s] DEBUG:colcon.colcon_parallel_executor.executor.parallel:run_until_complete finished with '0'
[3.666s] DEBUG:colcon.colcon_core.event_reactor:joining thread
[3.731s] INFO:colcon.colcon_core.plugin_system:Skipping extension 'colcon_notification.desktop_notification.notify_send': Could not find 'notify-send'
[3.732s] INFO:colcon.colcon_core.plugin_system:Skipping extension 'colcon_notification.desktop_notification.terminal_notifier': Not used on non-Darwin systems
[3.732s] INFO:colcon.colcon_core.plugin_system:Skipping extension 'colcon_notification.desktop_notification.win32': Not used on non-Windows systems
[3.732s] INFO:colcon.colcon_notification.desktop_notification:Sending desktop notification using 'notify2'
[3.734s] DEBUG:colcon.colcon_notification.desktop_notification.notify2:Failed to initialize notify2: org.freedesktop.DBus.Error.ServiceUnknown: The name org.freedesktop.Notifications was not provided by any .service files
[3.734s] DEBUG:colcon.colcon_core.event_reactor:joined thread
[3.734s] INFO:colcon.colcon_core.shell:Creating prefix script '/home/sukritchopra/ros2_ws/install/local_setup.ps1'
[3.736s] INFO:colcon.colcon_core.shell:Creating prefix util module '/home/sukritchopra/ros2_ws/install/_local_setup_util_ps1.py'
[3.738s] INFO:colcon.colcon_core.shell:Creating prefix chain script '/home/sukritchopra/ros2_ws/install/setup.ps1'
[3.739s] INFO:colcon.colcon_core.shell:Creating prefix script '/home/sukritchopra/ros2_ws/install/local_setup.sh'
[3.741s] INFO:colcon.colcon_core.shell:Creating prefix util module '/home/sukritchopra/ros2_ws/install/_local_setup_util_sh.py'
[3.742s] INFO:colcon.colcon_core.shell:Creating prefix chain script '/home/sukritchopra/ros2_ws/install/setup.sh'
[3.743s] INFO:colcon.colcon_core.shell:Creating prefix script '/home/sukritchopra/ros2_ws/install/local_setup.bash'
[3.744s] INFO:colcon.colcon_core.shell:Creating prefix chain script '/home/sukritchopra/ros2_ws/install/setup.bash'
[3.746s] INFO:colcon.colcon_core.shell:Creating prefix script '/home/sukritchopra/ros2_ws/install/local_setup.zsh'
[3.747s] INFO:colcon.colcon_core.shell:Creating prefix chain script '/home/sukritchopra/ros2_ws/install/setup.zsh'
