[0.815s] Invoking command in '/home/sukritchopra/ros2_ws/src/jetrover_description': PYTHONPATH=/home/sukritchopra/ros2_ws/build/jetrover_description/prefix_override:/usr/lib/python3/dist-packages/colcon_core/task/python/colcon_distutils_commands:/home/sukritchopra/ros2_ws/install/jetrover_description/lib/python3.12/site-packages:${PYTHONPATH} /usr/bin/python3 -W ignore:setup.py install is deprecated -W ignore:easy_install command is deprecated setup.py egg_info --egg-base ../../build/jetrover_description build --build-base /home/sukritchopra/ros2_ws/build/jetrover_description/build install --record /home/sukritchopra/ros2_ws/build/jetrover_description/install.log --single-version-externally-managed install_data
[1.063s] running egg_info
[1.082s] writing ../../build/jetrover_description/jetrover_description.egg-info/PKG-INFO
[1.082s] writing dependency_links to ../../build/jetrover_description/jetrover_description.egg-info/dependency_links.txt
[1.083s] writing requirements to ../../build/jetrover_description/jetrover_description.egg-info/requires.txt
[1.083s] writing top-level names to ../../build/jetrover_description/jetrover_description.egg-info/top_level.txt
[1.123s] reading manifest file '../../build/jetrover_description/jetrover_description.egg-info/SOURCES.txt'
[1.125s] writing manifest file '../../build/jetrover_description/jetrover_description.egg-info/SOURCES.txt'
[1.125s] running build
[1.125s] running build_py
[1.125s] running install
[1.131s] running install_lib
[1.151s] running install_data
[1.151s] copying package.xml -> /home/sukritchopra/ros2_ws/install/jetrover_description/share/jetrover_description
[1.151s] copying launch/display.launch.py -> /home/sukritchopra/ros2_ws/install/jetrover_description/share/jetrover_description/launch
[1.151s] copying launch/robot_description.launch.py -> /home/sukritchopra/ros2_ws/install/jetrover_description/share/jetrover_description/launch
[1.152s] copying launch/gazebo.launch.py -> /home/sukritchopra/ros2_ws/install/jetrover_description/share/jetrover_description/launch
[1.152s] copying urdf/arm.urdf.xacro -> /home/sukritchopra/ros2_ws/install/jetrover_description/share/jetrover_description/urdf
[1.153s] running install_egg_info
[1.175s] removing '/home/sukritchopra/ros2_ws/install/jetrover_description/lib/python3.12/site-packages/jetrover_description-0.0.0-py3.12.egg-info' (and everything under it)
[1.175s] Copying ../../build/jetrover_description/jetrover_description.egg-info to /home/sukritchopra/ros2_ws/install/jetrover_description/lib/python3.12/site-packages/jetrover_description-0.0.0-py3.12.egg-info
[1.177s] running install_scripts
[1.308s] writing list of installed files to '/home/sukritchopra/ros2_ws/build/jetrover_description/install.log'
[1.338s] Invoked command in '/home/sukritchopra/ros2_ws/src/jetrover_description' returned '0': PYTHONPATH=/home/sukritchopra/ros2_ws/build/jetrover_description/prefix_override:/usr/lib/python3/dist-packages/colcon_core/task/python/colcon_distutils_commands:/home/sukritchopra/ros2_ws/install/jetrover_description/lib/python3.12/site-packages:${PYTHONPATH} /usr/bin/python3 -W ignore:setup.py install is deprecated -W ignore:easy_install command is deprecated setup.py egg_info --egg-base ../../build/jetrover_description build --build-base /home/sukritchopra/ros2_ws/build/jetrover_description/build install --record /home/sukritchopra/ros2_ws/build/jetrover_description/install.log --single-version-externally-managed install_data
