[1.252s] Invoking command in '/home/sukritchopra/ros2_ws/src/jetrover_description': PYTHONPATH=/home/sukritchopra/ros2_ws/build/jetrover_description/prefix_override:/usr/lib/python3/dist-packages/colcon_core/task/python/colcon_distutils_commands:/home/sukritchopra/ros2_ws/install/jetrover_description/lib/python3.12/site-packages:${PYTHONPATH} /usr/bin/python3 -W ignore:setup.py install is deprecated -W ignore:easy_install command is deprecated setup.py egg_info --egg-base ../../build/jetrover_description build --build-base /home/sukritchopra/ros2_ws/build/jetrover_description/build install --record /home/sukritchopra/ros2_ws/build/jetrover_description/install.log --single-version-externally-managed install_data
[1.503s] running egg_info
[1.522s] writing ../../build/jetrover_description/jetrover_description.egg-info/PKG-INFO
[1.522s] writing dependency_links to ../../build/jetrover_description/jetrover_description.egg-info/dependency_links.txt
[1.523s] writing requirements to ../../build/jetrover_description/jetrover_description.egg-info/requires.txt
[1.523s] writing top-level names to ../../build/jetrover_description/jetrover_description.egg-info/top_level.txt
[1.575s] reading manifest file '../../build/jetrover_description/jetrover_description.egg-info/SOURCES.txt'
[1.577s] writing manifest file '../../build/jetrover_description/jetrover_description.egg-info/SOURCES.txt'
[1.577s] running build
[1.577s] running build_py
[1.578s] running install
[1.582s] running install_lib
[1.602s] running install_data
[1.603s] copying launch/gazebo.launch.py -> /home/sukritchopra/ros2_ws/install/jetrover_description/share/jetrover_description/launch
[1.604s] copying urdf/jetrover.xacro -> /home/sukritchopra/ros2_ws/install/jetrover_description/share/jetrover_description/urdf
[1.605s] copying urdf/arm.urdf.xacro -> /home/sukritchopra/ros2_ws/install/jetrover_description/share/jetrover_description/urdf
[1.606s] running install_egg_info
[1.628s] removing '/home/sukritchopra/ros2_ws/install/jetrover_description/lib/python3.12/site-packages/jetrover_description-0.0.0-py3.12.egg-info' (and everything under it)
[1.628s] Copying ../../build/jetrover_description/jetrover_description.egg-info to /home/sukritchopra/ros2_ws/install/jetrover_description/lib/python3.12/site-packages/jetrover_description-0.0.0-py3.12.egg-info
[1.630s] running install_scripts
[1.765s] writing list of installed files to '/home/sukritchopra/ros2_ws/build/jetrover_description/install.log'
[1.791s] Invoked command in '/home/sukritchopra/ros2_ws/src/jetrover_description' returned '0': PYTHONPATH=/home/sukritchopra/ros2_ws/build/jetrover_description/prefix_override:/usr/lib/python3/dist-packages/colcon_core/task/python/colcon_distutils_commands:/home/sukritchopra/ros2_ws/install/jetrover_description/lib/python3.12/site-packages:${PYTHONPATH} /usr/bin/python3 -W ignore:setup.py install is deprecated -W ignore:easy_install command is deprecated setup.py egg_info --egg-base ../../build/jetrover_description build --build-base /home/sukritchopra/ros2_ws/build/jetrover_description/build install --record /home/sukritchopra/ros2_ws/build/jetrover_description/install.log --single-version-externally-managed install_data
