[0.536s] DEBUG:colcon:Command line arguments: ['/usr/bin/colcon', 'build', '--packages-select', 'jetrover_description']
[0.536s] DEBUG:colcon:Parsed command line arguments: Namespace(log_base=None, log_level=None, verb_name='build', build_base='build', install_base='install', merge_install=False, symlink_install=False, test_result_base=None, continue_on_error=False, executor='parallel', parallel_workers=12, event_handlers=None, ignore_user_meta=False, metas=['./colcon.meta'], base_paths=['.'], packages_ignore=None, packages_ignore_regex=None, paths=None, packages_up_to=None, packages_up_to_regex=None, packages_above=None, packages_above_and_dependencies=None, packages_above_depth=None, packages_select_by_dep=None, packages_skip_by_dep=None, packages_skip_up_to=None, packages_select_build_failed=False, packages_skip_build_finished=False, packages_select_test_failures=False, packages_skip_test_passed=False, packages_select=['jetrover_description'], packages_skip=None, packages_select_regex=None, packages_skip_regex=None, packages_start=None, packages_end=None, allow_overriding=[], cmake_args=None, cmake_target=None, cmake_target_skip_unavailable=False, cmake_clean_cache=False, cmake_clean_first=False, cmake_force_configure=False, ament_cmake_args=None, catkin_cmake_args=None, catkin_skip_building_tests=False, mixin_files=None, mixin=None, verb_parser=<colcon_mixin.mixin.mixin_argument.MixinArgumentDecorator object at 0x75d20d585f40>, verb_extension=<colcon_core.verb.build.BuildVerb object at 0x75d20d585cd0>, main=<bound method BuildVerb.main of <colcon_core.verb.build.BuildVerb object at 0x75d20d585cd0>>, mixin_verb=('build',))
[0.679s] Level 1:colcon.colcon_core.package_discovery:discover_packages(colcon_meta) check parameters
[0.679s] Level 1:colcon.colcon_core.package_discovery:discover_packages(recursive) check parameters
[0.680s] Level 1:colcon.colcon_core.package_discovery:discover_packages(ignore) check parameters
[0.680s] Level 1:colcon.colcon_core.package_discovery:discover_packages(path) check parameters
[0.680s] Level 1:colcon.colcon_core.package_discovery:discover_packages(colcon_meta) discover
[0.680s] Level 1:colcon.colcon_core.package_discovery:discover_packages(recursive) discover
[0.680s] INFO:colcon.colcon_core.package_discovery:Crawling recursively for packages in '/home/sukritchopra/ros2_ws'
[0.680s] Level 1:colcon.colcon_core.package_identification:_identify(.) by extensions ['ignore', 'ignore_ament_install']
[0.680s] Level 1:colcon.colcon_core.package_identification:_identify(.) by extension 'ignore'
[0.681s] Level 1:colcon.colcon_core.package_identification:_identify(.) by extension 'ignore_ament_install'
[0.681s] Level 1:colcon.colcon_core.package_identification:_identify(.) by extensions ['colcon_pkg']
[0.681s] Level 1:colcon.colcon_core.package_identification:_identify(.) by extension 'colcon_pkg'
[0.681s] Level 1:colcon.colcon_core.package_identification:_identify(.) by extensions ['colcon_meta']
[0.681s] Level 1:colcon.colcon_core.package_identification:_identify(.) by extension 'colcon_meta'
[0.681s] Level 1:colcon.colcon_core.package_identification:_identify(.) by extensions ['ros']
[0.681s] Level 1:colcon.colcon_core.package_identification:_identify(.) by extension 'ros'
[0.752s] Level 1:colcon.colcon_core.package_identification:_identify(.) by extensions ['cmake', 'python']
[0.752s] Level 1:colcon.colcon_core.package_identification:_identify(.) by extension 'cmake'
[0.752s] Level 1:colcon.colcon_core.package_identification:_identify(.) by extension 'python'
[0.752s] Level 1:colcon.colcon_core.package_identification:_identify(.) by extensions ['python_setup_py']
[0.752s] Level 1:colcon.colcon_core.package_identification:_identify(.) by extension 'python_setup_py'
[0.753s] Level 1:colcon.colcon_core.package_identification:_identify(build) by extensions ['ignore', 'ignore_ament_install']
[0.753s] Level 1:colcon.colcon_core.package_identification:_identify(build) by extension 'ignore'
[0.753s] Level 1:colcon.colcon_core.package_identification:_identify(build) ignored
[0.753s] Level 1:colcon.colcon_core.package_identification:_identify(install) by extensions ['ignore', 'ignore_ament_install']
[0.753s] Level 1:colcon.colcon_core.package_identification:_identify(install) by extension 'ignore'
[0.754s] Level 1:colcon.colcon_core.package_identification:_identify(install) ignored
[0.754s] Level 1:colcon.colcon_core.package_identification:_identify(log) by extensions ['ignore', 'ignore_ament_install']
[0.754s] Level 1:colcon.colcon_core.package_identification:_identify(log) by extension 'ignore'
[0.754s] Level 1:colcon.colcon_core.package_identification:_identify(log) ignored
[0.754s] Level 1:colcon.colcon_core.package_identification:_identify(src) by extensions ['ignore', 'ignore_ament_install']
[0.754s] Level 1:colcon.colcon_core.package_identification:_identify(src) by extension 'ignore'
[0.755s] Level 1:colcon.colcon_core.package_identification:_identify(src) by extension 'ignore_ament_install'
[0.755s] Level 1:colcon.colcon_core.package_identification:_identify(src) by extensions ['colcon_pkg']
[0.755s] Level 1:colcon.colcon_core.package_identification:_identify(src) by extension 'colcon_pkg'
[0.755s] Level 1:colcon.colcon_core.package_identification:_identify(src) by extensions ['colcon_meta']
[0.755s] Level 1:colcon.colcon_core.package_identification:_identify(src) by extension 'colcon_meta'
[0.755s] Level 1:colcon.colcon_core.package_identification:_identify(src) by extensions ['ros']
[0.755s] Level 1:colcon.colcon_core.package_identification:_identify(src) by extension 'ros'
[0.755s] Level 1:colcon.colcon_core.package_identification:_identify(src) by extensions ['cmake', 'python']
[0.756s] Level 1:colcon.colcon_core.package_identification:_identify(src) by extension 'cmake'
[0.756s] Level 1:colcon.colcon_core.package_identification:_identify(src) by extension 'python'
[0.756s] Level 1:colcon.colcon_core.package_identification:_identify(src) by extensions ['python_setup_py']
[0.756s] Level 1:colcon.colcon_core.package_identification:_identify(src) by extension 'python_setup_py'
[0.756s] Level 1:colcon.colcon_core.package_identification:_identify(src/jetrover_description) by extensions ['ignore', 'ignore_ament_install']
[0.756s] Level 1:colcon.colcon_core.package_identification:_identify(src/jetrover_description) by extension 'ignore'
[0.756s] Level 1:colcon.colcon_core.package_identification:_identify(src/jetrover_description) by extension 'ignore_ament_install'
[0.756s] Level 1:colcon.colcon_core.package_identification:_identify(src/jetrover_description) by extensions ['colcon_pkg']
[0.756s] Level 1:colcon.colcon_core.package_identification:_identify(src/jetrover_description) by extension 'colcon_pkg'
[0.757s] Level 1:colcon.colcon_core.package_identification:_identify(src/jetrover_description) by extensions ['colcon_meta']
[0.757s] Level 1:colcon.colcon_core.package_identification:_identify(src/jetrover_description) by extension 'colcon_meta'
[0.757s] Level 1:colcon.colcon_core.package_identification:_identify(src/jetrover_description) by extensions ['ros']
[0.757s] Level 1:colcon.colcon_core.package_identification:_identify(src/jetrover_description) by extension 'ros'
[0.763s] DEBUG:colcon.colcon_core.package_identification:Package 'src/jetrover_description' with type 'ros.ament_python' and name 'jetrover_description'
[0.764s] Level 1:colcon.colcon_core.package_discovery:discover_packages(recursive) using defaults
[0.764s] Level 1:colcon.colcon_core.package_discovery:discover_packages(ignore) discover
[0.764s] Level 1:colcon.colcon_core.package_discovery:discover_packages(ignore) using defaults
[0.764s] Level 1:colcon.colcon_core.package_discovery:discover_packages(path) discover
[0.764s] Level 1:colcon.colcon_core.package_discovery:discover_packages(path) using defaults
[0.820s] Level 1:colcon.colcon_core.package_discovery:discover_packages(prefix_path) check parameters
[0.820s] Level 1:colcon.colcon_core.package_discovery:discover_packages(prefix_path) discover
[0.830s] DEBUG:colcon.colcon_installed_package_information.package_discovery:Found 365 installed packages in /opt/ros/jazzy
[0.834s] Level 1:colcon.colcon_core.package_discovery:discover_packages(prefix_path) using defaults
[0.963s] Level 5:colcon.colcon_core.verb:set package 'jetrover_description' build argument 'cmake_args' from command line to 'None'
[0.964s] Level 5:colcon.colcon_core.verb:set package 'jetrover_description' build argument 'cmake_target' from command line to 'None'
[0.964s] Level 5:colcon.colcon_core.verb:set package 'jetrover_description' build argument 'cmake_target_skip_unavailable' from command line to 'False'
[0.964s] Level 5:colcon.colcon_core.verb:set package 'jetrover_description' build argument 'cmake_clean_cache' from command line to 'False'
[0.964s] Level 5:colcon.colcon_core.verb:set package 'jetrover_description' build argument 'cmake_clean_first' from command line to 'False'
[0.964s] Level 5:colcon.colcon_core.verb:set package 'jetrover_description' build argument 'cmake_force_configure' from command line to 'False'
[0.964s] Level 5:colcon.colcon_core.verb:set package 'jetrover_description' build argument 'ament_cmake_args' from command line to 'None'
[0.964s] Level 5:colcon.colcon_core.verb:set package 'jetrover_description' build argument 'catkin_cmake_args' from command line to 'None'
[0.965s] Level 5:colcon.colcon_core.verb:set package 'jetrover_description' build argument 'catkin_skip_building_tests' from command line to 'False'
[0.965s] DEBUG:colcon.colcon_core.verb:Building package 'jetrover_description' with the following arguments: {'ament_cmake_args': None, 'build_base': '/home/sukritchopra/ros2_ws/build/jetrover_description', 'catkin_cmake_args': None, 'catkin_skip_building_tests': False, 'cmake_args': None, 'cmake_clean_cache': False, 'cmake_clean_first': False, 'cmake_force_configure': False, 'cmake_target': None, 'cmake_target_skip_unavailable': False, 'install_base': '/home/sukritchopra/ros2_ws/install/jetrover_description', 'merge_install': False, 'path': '/home/sukritchopra/ros2_ws/src/jetrover_description', 'symlink_install': False, 'test_result_base': None}
[0.965s] INFO:colcon.colcon_core.executor:Executing jobs using 'parallel' executor
[0.967s] DEBUG:colcon.colcon_parallel_executor.executor.parallel:run_until_complete
[0.968s] INFO:colcon.colcon_ros.task.ament_python.build:Building ROS package in '/home/sukritchopra/ros2_ws/src/jetrover_description' with build type 'ament_python'
[0.968s] Level 1:colcon.colcon_core.shell:create_environment_hook('jetrover_description', 'ament_prefix_path')
[0.978s] INFO:colcon.colcon_core.plugin_system:Skipping extension 'colcon_core.shell.bat': Not used on non-Windows systems
[0.978s] INFO:colcon.colcon_core.shell:Creating environment hook '/home/sukritchopra/ros2_ws/install/jetrover_description/share/jetrover_description/hook/ament_prefix_path.ps1'
[0.980s] INFO:colcon.colcon_core.shell:Creating environment descriptor '/home/sukritchopra/ros2_ws/install/jetrover_description/share/jetrover_description/hook/ament_prefix_path.dsv'
[0.981s] INFO:colcon.colcon_core.shell:Creating environment hook '/home/sukritchopra/ros2_ws/install/jetrover_description/share/jetrover_description/hook/ament_prefix_path.sh'
[0.983s] INFO:colcon.colcon_core.shell:Skip shell extension 'powershell' for command environment: Not usable outside of PowerShell
[0.983s] DEBUG:colcon.colcon_core.shell:Skip shell extension 'dsv' for command environment
[1.422s] INFO:colcon.colcon_core.task.python.build:Building Python package in '/home/sukritchopra/ros2_ws/src/jetrover_description'
[1.423s] INFO:colcon.colcon_core.shell:Skip shell extension 'powershell' for command environment: Not usable outside of PowerShell
[1.423s] DEBUG:colcon.colcon_core.shell:Skip shell extension 'dsv' for command environment
[3.150s] DEBUG:colcon.colcon_core.event_handler.log_command:Invoking command in '/home/sukritchopra/ros2_ws/build/jetrover_description': PYTHONPATH=/home/sukritchopra/ros2_ws/build/jetrover_description/prefix_override:/usr/lib/python3/dist-packages/colcon_core/task/python/colcon_distutils_commands:/home/sukritchopra/ros2_ws/install/jetrover_description/lib/python3.12/site-packages:${PYTHONPATH} /usr/bin/python3 -W ignore:setup.py install is deprecated -W ignore:easy_install command is deprecated setup.py develop --uninstall --editable --build-directory /home/sukritchopra/ros2_ws/build/jetrover_description/build
[4.278s] DEBUG:colcon.colcon_core.event_handler.log_command:Invoked command in '/home/sukritchopra/ros2_ws/build/jetrover_description' returned '0': PYTHONPATH=/home/sukritchopra/ros2_ws/build/jetrover_description/prefix_override:/usr/lib/python3/dist-packages/colcon_core/task/python/colcon_distutils_commands:/home/sukritchopra/ros2_ws/install/jetrover_description/lib/python3.12/site-packages:${PYTHONPATH} /usr/bin/python3 -W ignore:setup.py install is deprecated -W ignore:easy_install command is deprecated setup.py develop --uninstall --editable --build-directory /home/sukritchopra/ros2_ws/build/jetrover_description/build
[4.281s] DEBUG:colcon.colcon_core.event_handler.log_command:Invoking command in '/home/sukritchopra/ros2_ws/src/jetrover_description': PYTHONPATH=/home/sukritchopra/ros2_ws/build/jetrover_description/prefix_override:/usr/lib/python3/dist-packages/colcon_core/task/python/colcon_distutils_commands:/home/sukritchopra/ros2_ws/install/jetrover_description/lib/python3.12/site-packages:${PYTHONPATH} /usr/bin/python3 -W ignore:setup.py install is deprecated -W ignore:easy_install command is deprecated setup.py egg_info --egg-base ../../build/jetrover_description build --build-base /home/sukritchopra/ros2_ws/build/jetrover_description/build install --record /home/sukritchopra/ros2_ws/build/jetrover_description/install.log --single-version-externally-managed install_data --force
[5.534s] DEBUG:colcon.colcon_core.event_handler.log_command:Invoked command in '/home/sukritchopra/ros2_ws/src/jetrover_description' returned '0': PYTHONPATH=/home/sukritchopra/ros2_ws/build/jetrover_description/prefix_override:/usr/lib/python3/dist-packages/colcon_core/task/python/colcon_distutils_commands:/home/sukritchopra/ros2_ws/install/jetrover_description/lib/python3.12/site-packages:${PYTHONPATH} /usr/bin/python3 -W ignore:setup.py install is deprecated -W ignore:easy_install command is deprecated setup.py egg_info --egg-base ../../build/jetrover_description build --build-base /home/sukritchopra/ros2_ws/build/jetrover_description/build install --record /home/sukritchopra/ros2_ws/build/jetrover_description/install.log --single-version-externally-managed install_data --force
[5.556s] Level 1:colcon.colcon_core.environment:checking '/home/sukritchopra/ros2_ws/install/jetrover_description' for CMake module files
[5.557s] Level 1:colcon.colcon_core.environment:checking '/home/sukritchopra/ros2_ws/install/jetrover_description' for CMake config files
[5.558s] Level 1:colcon.colcon_core.environment:checking '/home/sukritchopra/ros2_ws/install/jetrover_description/lib'
[5.559s] Level 1:colcon.colcon_core.environment:checking '/home/sukritchopra/ros2_ws/install/jetrover_description/bin'
[5.559s] Level 1:colcon.colcon_core.environment:checking '/home/sukritchopra/ros2_ws/install/jetrover_description/lib/pkgconfig/jetrover_description.pc'
[5.559s] Level 1:colcon.colcon_core.environment:checking '/home/sukritchopra/ros2_ws/install/jetrover_description/lib/python3.12/site-packages'
[5.560s] Level 1:colcon.colcon_core.shell:create_environment_hook('jetrover_description', 'pythonpath')
[5.560s] INFO:colcon.colcon_core.shell:Creating environment hook '/home/sukritchopra/ros2_ws/install/jetrover_description/share/jetrover_description/hook/pythonpath.ps1'
[5.561s] INFO:colcon.colcon_core.shell:Creating environment descriptor '/home/sukritchopra/ros2_ws/install/jetrover_description/share/jetrover_description/hook/pythonpath.dsv'
[5.562s] INFO:colcon.colcon_core.shell:Creating environment hook '/home/sukritchopra/ros2_ws/install/jetrover_description/share/jetrover_description/hook/pythonpath.sh'
[5.563s] Level 1:colcon.colcon_core.environment:checking '/home/sukritchopra/ros2_ws/install/jetrover_description/bin'
[5.563s] Level 1:colcon.colcon_core.environment:create_environment_scripts_only(jetrover_description)
[5.563s] INFO:colcon.colcon_core.shell:Creating package script '/home/sukritchopra/ros2_ws/install/jetrover_description/share/jetrover_description/package.ps1'
[5.565s] INFO:colcon.colcon_core.shell:Creating package descriptor '/home/sukritchopra/ros2_ws/install/jetrover_description/share/jetrover_description/package.dsv'
[5.566s] INFO:colcon.colcon_core.shell:Creating package script '/home/sukritchopra/ros2_ws/install/jetrover_description/share/jetrover_description/package.sh'
[5.568s] INFO:colcon.colcon_core.shell:Creating package script '/home/sukritchopra/ros2_ws/install/jetrover_description/share/jetrover_description/package.bash'
[5.570s] INFO:colcon.colcon_core.shell:Creating package script '/home/sukritchopra/ros2_ws/install/jetrover_description/share/jetrover_description/package.zsh'
[5.571s] Level 1:colcon.colcon_core.environment:create_file_with_runtime_dependencies(/home/sukritchopra/ros2_ws/install/jetrover_description/share/colcon-core/packages/jetrover_description)
[5.572s] DEBUG:colcon.colcon_parallel_executor.executor.parallel:closing loop
[5.573s] DEBUG:colcon.colcon_parallel_executor.executor.parallel:loop closed
[5.573s] DEBUG:colcon.colcon_parallel_executor.executor.parallel:run_until_complete finished with '0'
[5.574s] DEBUG:colcon.colcon_core.event_reactor:joining thread
[5.649s] INFO:colcon.colcon_core.plugin_system:Skipping extension 'colcon_notification.desktop_notification.notify_send': Could not find 'notify-send'
[5.650s] INFO:colcon.colcon_core.plugin_system:Skipping extension 'colcon_notification.desktop_notification.terminal_notifier': Not used on non-Darwin systems
[5.650s] INFO:colcon.colcon_core.plugin_system:Skipping extension 'colcon_notification.desktop_notification.win32': Not used on non-Windows systems
[5.650s] INFO:colcon.colcon_notification.desktop_notification:Sending desktop notification using 'notify2'
[5.653s] DEBUG:colcon.colcon_notification.desktop_notification.notify2:Failed to initialize notify2: org.freedesktop.DBus.Error.ServiceUnknown: The name org.freedesktop.Notifications was not provided by any .service files
[5.653s] DEBUG:colcon.colcon_core.event_reactor:joined thread
[5.653s] INFO:colcon.colcon_core.shell:Creating prefix script '/home/sukritchopra/ros2_ws/install/local_setup.ps1'
[5.655s] INFO:colcon.colcon_core.shell:Creating prefix util module '/home/sukritchopra/ros2_ws/install/_local_setup_util_ps1.py'
[5.658s] INFO:colcon.colcon_core.shell:Creating prefix chain script '/home/sukritchopra/ros2_ws/install/setup.ps1'
[5.660s] INFO:colcon.colcon_core.shell:Creating prefix script '/home/sukritchopra/ros2_ws/install/local_setup.sh'
[5.662s] INFO:colcon.colcon_core.shell:Creating prefix util module '/home/sukritchopra/ros2_ws/install/_local_setup_util_sh.py'
[5.663s] INFO:colcon.colcon_core.shell:Creating prefix chain script '/home/sukritchopra/ros2_ws/install/setup.sh'
[5.665s] INFO:colcon.colcon_core.shell:Creating prefix script '/home/sukritchopra/ros2_ws/install/local_setup.bash'
[5.667s] INFO:colcon.colcon_core.shell:Creating prefix chain script '/home/sukritchopra/ros2_ws/install/setup.bash'
[5.668s] INFO:colcon.colcon_core.shell:Creating prefix script '/home/sukritchopra/ros2_ws/install/local_setup.zsh'
[5.670s] INFO:colcon.colcon_core.shell:Creating prefix chain script '/home/sukritchopra/ros2_ws/install/setup.zsh'
